[2023-09-06 19:38:09] User registered in: skrolex
[2023-09-06 19:38:12] User logged in: skrolex
[2023-09-06 19:38:21] The skrolex has chosen to learn Russian with Live Webinar
[2023-09-06 19:38:26] The skrolex has chosen to learn Russian with Group Coaching
[2023-09-06 19:38:41] The skrolex has written suggestions for Dodajte kamenicki jezik 
[2023-09-06 19:38:50] User logged in: vladimir
[2023-09-06 19:51:11] User logged in: vlad
[2023-09-06 19:58:44] User logged in: lisa_smith
[2023-09-06 19:58:54] The lisa_smith has chosen to learn German with Live Webinar
[2023-09-06 19:58:56] The lisa_smith has chosen to learn Russian with Group Coaching
[2023-09-06 19:59:11] The lisa_smith has written suggestions for Dodajte cekminski jezik
[2023-09-06 19:59:18] User logged in: vladimir
[2023-09-06 20:16:19] User registered in: petar
[2023-09-06 20:16:27] User logged in: petronije
[2023-09-06 20:16:49] User logged in: petar
[2023-09-06 20:16:55] The petar has chosen to learn Russian with Group Coaching
[2023-09-06 20:17:07] The petar has written suggestions for Dodaj pecenjevacki
[2023-09-06 20:17:12] The petar has chosen to learn English with Live Webinar
[2023-09-06 20:17:29] User logged in: vlad
[2023-09-06 20:18:27] User logged in: admin
[2023-09-06 20:18:32] User logged in: vladimir
[2023-09-06 20:26:48] Admin edited user with ID: 2 - New Name: vlad, New Surname: Ere, New Role: user
[2023-09-06 20:26:56] Admin edited user with ID: 2 - New Name: vlad, New Surname: nem, New Role: user
[2023-09-06 20:28:41] Admin deleted user with ID: 10
[2023-09-06 20:29:31] User logged in: vlad
[2023-09-06 20:29:42] User logged in: skrolex
[2023-09-06 20:29:47] Manager promoted: 4
[2023-09-06 20:29:55] Manager added a new language: Cekminski
[2023-09-06 20:30:02] Manager promoted: 9
[2023-09-06 20:44:26] User logged in: vladimir
[2023-09-06 20:44:33] User logged in: skrolex
[2023-09-06 20:44:57] User logged in: ryan_clark
[2023-09-06 20:45:27] User logged in: chris_adams
[2023-09-06 20:45:34] The chris_adams has written suggestions for gdsdfas
[2023-09-06 20:45:39] The chris_adams has chosen to learn French with jedan na jedan
